{"name":"hexo","hostname":"DESKTOP-O6HS2UH","pid":11972,"level":20,"msg":"Hexo version: 3.2.2","time":"2017-02-03T16:26:46.756Z","v":0}
{"name":"hexo","hostname":"DESKTOP-O6HS2UH","pid":11972,"level":20,"msg":"Working directory: E:\\hexotest\\","time":"2017-02-03T16:26:46.759Z","v":0}
{"name":"hexo","hostname":"DESKTOP-O6HS2UH","pid":11972,"level":20,"msg":"Config loaded: E:\\hexotest\\_config.yml","time":"2017-02-03T16:26:46.904Z","v":0}
{"name":"hexo","hostname":"DESKTOP-O6HS2UH","pid":11972,"level":20,"msg":"Plugin loaded: hexo-deployer-git","time":"2017-02-03T16:26:46.918Z","v":0}
{"name":"hexo","hostname":"DESKTOP-O6HS2UH","pid":11972,"level":20,"msg":"Plugin loaded: hexo-generator-archive","time":"2017-02-03T16:26:46.924Z","v":0}
{"name":"hexo","hostname":"DESKTOP-O6HS2UH","pid":11972,"level":20,"msg":"Plugin loaded: hexo-generator-category","time":"2017-02-03T16:26:46.927Z","v":0}
{"name":"hexo","hostname":"DESKTOP-O6HS2UH","pid":11972,"level":20,"msg":"Plugin loaded: hexo-renderer-ejs","time":"2017-02-03T16:26:46.933Z","v":0}
{"name":"hexo","hostname":"DESKTOP-O6HS2UH","pid":11972,"level":20,"msg":"Plugin loaded: hexo-generator-index","time":"2017-02-03T16:26:46.935Z","v":0}
{"name":"hexo","hostname":"DESKTOP-O6HS2UH","pid":11972,"level":20,"msg":"Plugin loaded: hexo-generator-tag","time":"2017-02-03T16:26:46.938Z","v":0}
{"name":"hexo","hostname":"DESKTOP-O6HS2UH","pid":11972,"level":20,"msg":"Plugin loaded: hexo-renderer-marked","time":"2017-02-03T16:26:46.944Z","v":0}
{"name":"hexo","hostname":"DESKTOP-O6HS2UH","pid":11972,"level":20,"msg":"Plugin loaded: hexo-renderer-stylus","time":"2017-02-03T16:26:46.945Z","v":0}
{"name":"hexo","hostname":"DESKTOP-O6HS2UH","pid":11972,"level":20,"msg":"Plugin loaded: hexo-server","time":"2017-02-03T16:26:47.025Z","v":0}
{"name":"hexo","hostname":"DESKTOP-O6HS2UH","pid":11972,"level":20,"msg":"Loading database.","time":"2017-02-03T16:26:47.039Z","v":0}
{"name":"hexo","hostname":"DESKTOP-O6HS2UH","pid":11972,"level":30,"msg":"Start processing","time":"2017-02-03T16:26:47.109Z","v":0}
{"name":"hexo","hostname":"DESKTOP-O6HS2UH","pid":11972,"level":20,"msg":"Processed: _drafts/草稿1.md","time":"2017-02-03T16:26:47.152Z","v":0}
{"name":"hexo","hostname":"DESKTOP-O6HS2UH","pid":11972,"level":20,"msg":"Processed: _posts/hello-world.md","time":"2017-02-03T16:26:47.162Z","v":0}
{"name":"hexo","hostname":"DESKTOP-O6HS2UH","pid":11972,"level":20,"msg":"Processed: _posts/生活.md","time":"2017-02-03T16:26:47.180Z","v":0}
{"name":"hexo","hostname":"DESKTOP-O6HS2UH","pid":11972,"level":20,"msg":"Generator: page","time":"2017-02-03T16:26:47.326Z","v":0}
{"name":"hexo","hostname":"DESKTOP-O6HS2UH","pid":11972,"level":20,"msg":"Generator: post","time":"2017-02-03T16:26:47.327Z","v":0}
{"name":"hexo","hostname":"DESKTOP-O6HS2UH","pid":11972,"level":20,"msg":"Generator: archive","time":"2017-02-03T16:26:47.327Z","v":0}
{"name":"hexo","hostname":"DESKTOP-O6HS2UH","pid":11972,"level":20,"msg":"Generator: category","time":"2017-02-03T16:26:47.327Z","v":0}
{"name":"hexo","hostname":"DESKTOP-O6HS2UH","pid":11972,"level":20,"msg":"Generator: index","time":"2017-02-03T16:26:47.327Z","v":0}
{"name":"hexo","hostname":"DESKTOP-O6HS2UH","pid":11972,"level":20,"msg":"Generator: tag","time":"2017-02-03T16:26:47.327Z","v":0}
{"name":"hexo","hostname":"DESKTOP-O6HS2UH","pid":11972,"level":20,"msg":"Generator: asset","time":"2017-02-03T16:26:47.329Z","v":0}
{"name":"hexo","hostname":"DESKTOP-O6HS2UH","pid":11972,"level":30,"msg":"Hexo is running at http://localhost:4000/. Press Ctrl+C to stop.","time":"2017-02-03T16:26:47.335Z","v":0}
{"name":"hexo","hostname":"DESKTOP-O6HS2UH","pid":11972,"level":20,"msg":"Database saved","time":"2017-02-03T16:26:47.344Z","v":0}
{"name":"hexo","hostname":"DESKTOP-O6HS2UH","pid":11972,"level":40,"msg":"No layout: 2017/02/03/生活/index.html","time":"2017-02-03T16:27:16.912Z","v":0}
{"name":"hexo","hostname":"DESKTOP-O6HS2UH","pid":11972,"level":40,"msg":"No layout: index.html","time":"2017-02-03T16:27:28.006Z","v":0}
{"name":"hexo","hostname":"DESKTOP-O6HS2UH","pid":11972,"level":40,"msg":"No layout: index.html","time":"2017-02-03T16:28:09.962Z","v":0}
{"name":"hexo","hostname":"DESKTOP-O6HS2UH","pid":11972,"level":40,"msg":"No layout: index.html","time":"2017-02-03T16:28:49.635Z","v":0}
{"name":"hexo","hostname":"DESKTOP-O6HS2UH","pid":2264,"level":20,"msg":"Hexo version: 3.2.2","time":"2017-02-03T16:30:20.189Z","v":0}
{"name":"hexo","hostname":"DESKTOP-O6HS2UH","pid":2264,"level":20,"msg":"Working directory: E:\\hexotest\\","time":"2017-02-03T16:30:20.193Z","v":0}
{"name":"hexo","hostname":"DESKTOP-O6HS2UH","pid":2264,"level":20,"msg":"Config loaded: E:\\hexotest\\_config.yml","time":"2017-02-03T16:30:20.364Z","v":0}
{"name":"hexo","hostname":"DESKTOP-O6HS2UH","pid":2264,"level":20,"msg":"Plugin loaded: hexo-generator-category","time":"2017-02-03T16:30:20.382Z","v":0}
{"name":"hexo","hostname":"DESKTOP-O6HS2UH","pid":2264,"level":20,"msg":"Plugin loaded: hexo-deployer-git","time":"2017-02-03T16:30:20.384Z","v":0}
{"name":"hexo","hostname":"DESKTOP-O6HS2UH","pid":2264,"level":20,"msg":"Plugin loaded: hexo-generator-archive","time":"2017-02-03T16:30:20.387Z","v":0}
{"name":"hexo","hostname":"DESKTOP-O6HS2UH","pid":2264,"level":20,"msg":"Plugin loaded: hexo-generator-index","time":"2017-02-03T16:30:20.390Z","v":0}
{"name":"hexo","hostname":"DESKTOP-O6HS2UH","pid":2264,"level":20,"msg":"Plugin loaded: hexo-generator-tag","time":"2017-02-03T16:30:20.391Z","v":0}
{"name":"hexo","hostname":"DESKTOP-O6HS2UH","pid":2264,"level":20,"msg":"Plugin loaded: hexo-renderer-ejs","time":"2017-02-03T16:30:20.397Z","v":0}
{"name":"hexo","hostname":"DESKTOP-O6HS2UH","pid":2264,"level":20,"msg":"Plugin loaded: hexo-renderer-stylus","time":"2017-02-03T16:30:20.399Z","v":0}
{"name":"hexo","hostname":"DESKTOP-O6HS2UH","pid":2264,"level":20,"msg":"Plugin loaded: hexo-renderer-marked","time":"2017-02-03T16:30:20.408Z","v":0}
{"name":"hexo","hostname":"DESKTOP-O6HS2UH","pid":2264,"level":20,"msg":"Plugin loaded: hexo-server","time":"2017-02-03T16:30:20.504Z","v":0}
{"name":"hexo","hostname":"DESKTOP-O6HS2UH","pid":2264,"level":20,"msg":"Loading database.","time":"2017-02-03T16:30:20.515Z","v":0}
{"name":"hexo","hostname":"DESKTOP-O6HS2UH","pid":2264,"level":30,"msg":"Start processing","time":"2017-02-03T16:30:20.523Z","v":0}
{"name":"hexo","hostname":"DESKTOP-O6HS2UH","pid":2264,"level":20,"msg":"Processed: _drafts/草稿1.md","time":"2017-02-03T16:30:20.555Z","v":0}
{"name":"hexo","hostname":"DESKTOP-O6HS2UH","pid":2264,"level":20,"msg":"Processed: _posts/hello-world.md","time":"2017-02-03T16:30:20.559Z","v":0}
{"name":"hexo","hostname":"DESKTOP-O6HS2UH","pid":2264,"level":20,"msg":"Processed: _posts/生活.md","time":"2017-02-03T16:30:20.565Z","v":0}
{"name":"hexo","hostname":"DESKTOP-O6HS2UH","pid":2264,"level":20,"msg":"Generator: page","time":"2017-02-03T16:30:20.740Z","v":0}
{"name":"hexo","hostname":"DESKTOP-O6HS2UH","pid":2264,"level":20,"msg":"Generator: post","time":"2017-02-03T16:30:20.740Z","v":0}
{"name":"hexo","hostname":"DESKTOP-O6HS2UH","pid":2264,"level":20,"msg":"Generator: category","time":"2017-02-03T16:30:20.740Z","v":0}
{"name":"hexo","hostname":"DESKTOP-O6HS2UH","pid":2264,"level":20,"msg":"Generator: archive","time":"2017-02-03T16:30:20.740Z","v":0}
{"name":"hexo","hostname":"DESKTOP-O6HS2UH","pid":2264,"level":20,"msg":"Generator: index","time":"2017-02-03T16:30:20.740Z","v":0}
{"name":"hexo","hostname":"DESKTOP-O6HS2UH","pid":2264,"level":20,"msg":"Generator: tag","time":"2017-02-03T16:30:20.740Z","v":0}
{"name":"hexo","hostname":"DESKTOP-O6HS2UH","pid":2264,"level":20,"msg":"Generator: asset","time":"2017-02-03T16:30:20.740Z","v":0}
{"name":"hexo","hostname":"DESKTOP-O6HS2UH","pid":2264,"level":30,"msg":"Hexo is running at http://localhost:4000/. Press Ctrl+C to stop.","time":"2017-02-03T16:30:20.745Z","v":0}
{"name":"hexo","hostname":"DESKTOP-O6HS2UH","pid":2264,"level":20,"msg":"Database saved","time":"2017-02-03T16:30:20.756Z","v":0}
{"name":"hexo","hostname":"DESKTOP-O6HS2UH","pid":2264,"level":40,"msg":"No layout: index.html","time":"2017-02-03T16:30:29.399Z","v":0}
{"name":"hexo","hostname":"DESKTOP-O6HS2UH","pid":2264,"level":40,"msg":"No layout: index.html","time":"2017-02-03T16:30:32.755Z","v":0}
{"name":"hexo","hostname":"DESKTOP-O6HS2UH","pid":2264,"level":40,"msg":"No layout: index.html","time":"2017-02-03T16:31:14.088Z","v":0}
{"name":"hexo","hostname":"DESKTOP-O6HS2UH","pid":2264,"level":40,"msg":"No layout: index.html","time":"2017-02-03T16:31:16.795Z","v":0}
{"name":"hexo","hostname":"DESKTOP-O6HS2UH","pid":2264,"level":40,"msg":"No layout: index.html","time":"2017-02-03T16:31:18.448Z","v":0}
{"name":"hexo","hostname":"DESKTOP-O6HS2UH","pid":2264,"level":40,"msg":"No layout: index.html","time":"2017-02-03T16:31:25.980Z","v":0}
{"name":"hexo","hostname":"DESKTOP-O6HS2UH","pid":2264,"level":40,"msg":"No layout: index.html","time":"2017-02-03T16:31:27.724Z","v":0}
{"name":"hexo","hostname":"DESKTOP-O6HS2UH","pid":6732,"level":20,"msg":"Hexo version: \u001b[35m3.2.2\u001b[39m","time":"2017-02-03T16:39:20.121Z","v":0}
{"name":"hexo","hostname":"DESKTOP-O6HS2UH","pid":6732,"level":20,"msg":"Working directory: \u001b[35mE:\\hexotest\\\u001b[39m","time":"2017-02-03T16:39:20.125Z","v":0}
{"name":"hexo","hostname":"DESKTOP-O6HS2UH","pid":6732,"level":20,"msg":"Config loaded: \u001b[35mE:\\hexotest\\_config.yml\u001b[39m","time":"2017-02-03T16:39:20.283Z","v":0}
{"name":"hexo","hostname":"DESKTOP-O6HS2UH","pid":6732,"level":20,"msg":"Plugin loaded: \u001b[35mhexo-deployer-git\u001b[39m","time":"2017-02-03T16:39:20.300Z","v":0}
{"name":"hexo","hostname":"DESKTOP-O6HS2UH","pid":6732,"level":20,"msg":"Plugin loaded: \u001b[35mhexo-generator-archive\u001b[39m","time":"2017-02-03T16:39:20.304Z","v":0}
{"name":"hexo","hostname":"DESKTOP-O6HS2UH","pid":6732,"level":20,"msg":"Plugin loaded: \u001b[35mhexo-generator-category\u001b[39m","time":"2017-02-03T16:39:20.307Z","v":0}
{"name":"hexo","hostname":"DESKTOP-O6HS2UH","pid":6732,"level":20,"msg":"Plugin loaded: \u001b[35mhexo-generator-index\u001b[39m","time":"2017-02-03T16:39:20.311Z","v":0}
{"name":"hexo","hostname":"DESKTOP-O6HS2UH","pid":6732,"level":20,"msg":"Plugin loaded: \u001b[35mhexo-generator-tag\u001b[39m","time":"2017-02-03T16:39:20.313Z","v":0}
{"name":"hexo","hostname":"DESKTOP-O6HS2UH","pid":6732,"level":20,"msg":"Plugin loaded: \u001b[35mhexo-renderer-ejs\u001b[39m","time":"2017-02-03T16:39:20.320Z","v":0}
{"name":"hexo","hostname":"DESKTOP-O6HS2UH","pid":6732,"level":20,"msg":"Plugin loaded: \u001b[35mhexo-renderer-marked\u001b[39m","time":"2017-02-03T16:39:20.327Z","v":0}
{"name":"hexo","hostname":"DESKTOP-O6HS2UH","pid":6732,"level":20,"msg":"Plugin loaded: \u001b[35mhexo-renderer-stylus\u001b[39m","time":"2017-02-03T16:39:20.329Z","v":0}
{"name":"hexo","hostname":"DESKTOP-O6HS2UH","pid":6732,"level":20,"msg":"Plugin loaded: \u001b[35mhexo-server\u001b[39m","time":"2017-02-03T16:39:20.422Z","v":0}
{"name":"hexo","hostname":"DESKTOP-O6HS2UH","pid":6732,"level":20,"msg":"Loading database.","time":"2017-02-03T16:39:20.434Z","v":0}
{"name":"hexo","hostname":"DESKTOP-O6HS2UH","pid":6732,"level":30,"msg":"Start processing","time":"2017-02-03T16:39:20.441Z","v":0}
{"name":"hexo","hostname":"DESKTOP-O6HS2UH","pid":6732,"level":20,"msg":"Processed: \u001b[35m_drafts/草稿1.md\u001b[39m","time":"2017-02-03T16:39:20.473Z","v":0}
{"name":"hexo","hostname":"DESKTOP-O6HS2UH","pid":6732,"level":20,"msg":"Processed: \u001b[35m_posts/hello-world.md\u001b[39m","time":"2017-02-03T16:39:20.478Z","v":0}
{"name":"hexo","hostname":"DESKTOP-O6HS2UH","pid":6732,"level":20,"msg":"Processed: \u001b[35m_posts/生活.md\u001b[39m","time":"2017-02-03T16:39:20.483Z","v":0}
{"name":"hexo","hostname":"DESKTOP-O6HS2UH","pid":6732,"level":20,"msg":"Generator: \u001b[35mpage\u001b[39m","time":"2017-02-03T16:39:20.668Z","v":0}
{"name":"hexo","hostname":"DESKTOP-O6HS2UH","pid":6732,"level":20,"msg":"Generator: \u001b[35mpost\u001b[39m","time":"2017-02-03T16:39:20.669Z","v":0}
{"name":"hexo","hostname":"DESKTOP-O6HS2UH","pid":6732,"level":20,"msg":"Generator: \u001b[35marchive\u001b[39m","time":"2017-02-03T16:39:20.670Z","v":0}
{"name":"hexo","hostname":"DESKTOP-O6HS2UH","pid":6732,"level":20,"msg":"Generator: \u001b[35mcategory\u001b[39m","time":"2017-02-03T16:39:20.671Z","v":0}
{"name":"hexo","hostname":"DESKTOP-O6HS2UH","pid":6732,"level":20,"msg":"Generator: \u001b[35mindex\u001b[39m","time":"2017-02-03T16:39:20.672Z","v":0}
{"name":"hexo","hostname":"DESKTOP-O6HS2UH","pid":6732,"level":20,"msg":"Generator: \u001b[35mtag\u001b[39m","time":"2017-02-03T16:39:20.674Z","v":0}
{"name":"hexo","hostname":"DESKTOP-O6HS2UH","pid":6732,"level":20,"msg":"Generator: \u001b[35masset\u001b[39m","time":"2017-02-03T16:39:20.676Z","v":0}
{"name":"hexo","hostname":"DESKTOP-O6HS2UH","pid":6732,"level":30,"msg":"Hexo is running at \u001b[4mhttp://localhost:4000/\u001b[24m. Press Ctrl+C to stop.","time":"2017-02-03T16:39:20.682Z","v":0}
{"name":"hexo","hostname":"DESKTOP-O6HS2UH","pid":6732,"level":20,"msg":"Database saved","time":"2017-02-03T16:39:20.688Z","v":0}
{"name":"hexo","hostname":"DESKTOP-O6HS2UH","pid":6732,"level":40,"msg":"No layout: \u001b[35mindex.html\u001b[39m","time":"2017-02-03T16:40:09.081Z","v":0}
{"name":"hexo","hostname":"DESKTOP-O6HS2UH","pid":6732,"level":40,"msg":"No layout: \u001b[35mindex.html\u001b[39m","time":"2017-02-03T16:42:47.062Z","v":0}
{"name":"hexo","hostname":"DESKTOP-O6HS2UH","pid":6732,"level":40,"msg":"No layout: \u001b[35mindex.html\u001b[39m","time":"2017-02-03T16:45:22.901Z","v":0}
{"name":"hexo","hostname":"DESKTOP-O6HS2UH","pid":6732,"level":40,"msg":"No layout: \u001b[35mindex.html\u001b[39m","time":"2017-02-03T16:48:18.316Z","v":0}
{"name":"hexo","hostname":"DESKTOP-O6HS2UH","pid":12076,"level":20,"msg":"Hexo version: 3.2.2","time":"2017-02-03T17:20:53.117Z","v":0}
{"name":"hexo","hostname":"DESKTOP-O6HS2UH","pid":12076,"level":20,"msg":"Working directory: E:\\hexotest\\","time":"2017-02-03T17:20:53.121Z","v":0}
{"name":"hexo","hostname":"DESKTOP-O6HS2UH","pid":12076,"level":20,"msg":"Config loaded: E:\\hexotest\\_config.yml","time":"2017-02-03T17:20:53.256Z","v":0}
{"name":"hexo","hostname":"DESKTOP-O6HS2UH","pid":12076,"level":20,"msg":"Plugin loaded: hexo-generator-archive","time":"2017-02-03T17:20:53.275Z","v":0}
{"name":"hexo","hostname":"DESKTOP-O6HS2UH","pid":12076,"level":20,"msg":"Plugin loaded: hexo-deployer-git","time":"2017-02-03T17:20:53.277Z","v":0}
{"name":"hexo","hostname":"DESKTOP-O6HS2UH","pid":12076,"level":20,"msg":"Plugin loaded: hexo-generator-index","time":"2017-02-03T17:20:53.280Z","v":0}
{"name":"hexo","hostname":"DESKTOP-O6HS2UH","pid":12076,"level":20,"msg":"Plugin loaded: hexo-generator-category","time":"2017-02-03T17:20:53.281Z","v":0}
{"name":"hexo","hostname":"DESKTOP-O6HS2UH","pid":12076,"level":20,"msg":"Plugin loaded: hexo-renderer-ejs","time":"2017-02-03T17:20:53.284Z","v":0}
{"name":"hexo","hostname":"DESKTOP-O6HS2UH","pid":12076,"level":20,"msg":"Plugin loaded: hexo-generator-tag","time":"2017-02-03T17:20:53.285Z","v":0}
{"name":"hexo","hostname":"DESKTOP-O6HS2UH","pid":12076,"level":20,"msg":"Plugin loaded: hexo-renderer-marked","time":"2017-02-03T17:20:53.294Z","v":0}
{"name":"hexo","hostname":"DESKTOP-O6HS2UH","pid":12076,"level":20,"msg":"Script loaded: themes\\hexo-theme-next\\scripts\\merge-configs.js","time":"2017-02-03T17:20:53.295Z","v":0}
{"name":"hexo","hostname":"DESKTOP-O6HS2UH","pid":12076,"level":20,"msg":"Plugin loaded: hexo-server","time":"2017-02-03T17:20:53.371Z","v":0}
{"name":"hexo","hostname":"DESKTOP-O6HS2UH","pid":12076,"level":20,"msg":"Script loaded: themes\\hexo-theme-next\\scripts\\tags\\button.js","time":"2017-02-03T17:20:53.371Z","v":0}
{"name":"hexo","hostname":"DESKTOP-O6HS2UH","pid":12076,"level":20,"msg":"Plugin loaded: hexo-renderer-stylus","time":"2017-02-03T17:20:53.372Z","v":0}
{"name":"hexo","hostname":"DESKTOP-O6HS2UH","pid":12076,"level":20,"msg":"Script loaded: themes\\hexo-theme-next\\scripts\\tags\\center-quote.js","time":"2017-02-03T17:20:53.373Z","v":0}
{"name":"hexo","hostname":"DESKTOP-O6HS2UH","pid":12076,"level":20,"msg":"Script loaded: themes\\hexo-theme-next\\scripts\\tags\\full-image.js","time":"2017-02-03T17:20:53.373Z","v":0}
{"name":"hexo","hostname":"DESKTOP-O6HS2UH","pid":12076,"level":20,"msg":"Script loaded: themes\\hexo-theme-next\\scripts\\tags\\group-pictures.js","time":"2017-02-03T17:20:53.374Z","v":0}
{"name":"hexo","hostname":"DESKTOP-O6HS2UH","pid":12076,"level":20,"msg":"Script loaded: themes\\hexo-theme-next\\scripts\\tags\\note.js","time":"2017-02-03T17:20:53.374Z","v":0}
{"name":"hexo","hostname":"DESKTOP-O6HS2UH","pid":12076,"level":20,"msg":"Loading database.","time":"2017-02-03T17:20:53.382Z","v":0}
{"name":"hexo","hostname":"DESKTOP-O6HS2UH","pid":12076,"level":30,"msg":"Start processing","time":"2017-02-03T17:20:53.465Z","v":0}
{"name":"hexo","hostname":"DESKTOP-O6HS2UH","pid":12076,"level":20,"msg":"Processed: _drafts/草稿1.md","time":"2017-02-03T17:20:53.556Z","v":0}
{"name":"hexo","hostname":"DESKTOP-O6HS2UH","pid":12076,"level":20,"msg":"Processed: _posts/hello-world.md","time":"2017-02-03T17:20:53.557Z","v":0}
{"name":"hexo","hostname":"DESKTOP-O6HS2UH","pid":12076,"level":20,"msg":"Processed: _posts/生活.md","time":"2017-02-03T17:20:53.557Z","v":0}
{"name":"hexo","hostname":"DESKTOP-O6HS2UH","pid":12076,"level":20,"msg":"Theme config loaded.","time":"2017-02-03T17:20:53.636Z","v":0}
{"name":"hexo","hostname":"DESKTOP-O6HS2UH","pid":12076,"level":20,"msg":"Processed: _config.yml","time":"2017-02-03T17:20:53.637Z","v":0}
{"name":"hexo","hostname":"DESKTOP-O6HS2UH","pid":12076,"level":20,"msg":"Processed: source/css/main.styl","time":"2017-02-03T17:20:53.664Z","v":0}
{"name":"hexo","hostname":"DESKTOP-O6HS2UH","pid":12076,"level":20,"msg":"Processed: source/images/algolia_logo.svg","time":"2017-02-03T17:20:53.664Z","v":0}
{"name":"hexo","hostname":"DESKTOP-O6HS2UH","pid":12076,"level":20,"msg":"Processed: source/images/avatar.gif","time":"2017-02-03T17:20:53.665Z","v":0}
{"name":"hexo","hostname":"DESKTOP-O6HS2UH","pid":12076,"level":20,"msg":"Processed: source/images/cc-by-nc-nd.svg","time":"2017-02-03T17:20:53.665Z","v":0}
{"name":"hexo","hostname":"DESKTOP-O6HS2UH","pid":12076,"level":20,"msg":"Processed: source/images/cc-by-nc-sa.svg","time":"2017-02-03T17:20:53.665Z","v":0}
{"name":"hexo","hostname":"DESKTOP-O6HS2UH","pid":12076,"level":20,"msg":"Processed: source/images/cc-by-nc.svg","time":"2017-02-03T17:20:53.667Z","v":0}
{"name":"hexo","hostname":"DESKTOP-O6HS2UH","pid":12076,"level":20,"msg":"Processed: source/images/cc-by-nd.svg","time":"2017-02-03T17:20:53.667Z","v":0}
{"name":"hexo","hostname":"DESKTOP-O6HS2UH","pid":12076,"level":20,"msg":"Processed: source/images/cc-by-sa.svg","time":"2017-02-03T17:20:53.668Z","v":0}
{"name":"hexo","hostname":"DESKTOP-O6HS2UH","pid":12076,"level":20,"msg":"Processed: source/images/cc-by.svg","time":"2017-02-03T17:20:53.668Z","v":0}
{"name":"hexo","hostname":"DESKTOP-O6HS2UH","pid":12076,"level":20,"msg":"Processed: source/images/cc-zero.svg","time":"2017-02-03T17:20:53.668Z","v":0}
{"name":"hexo","hostname":"DESKTOP-O6HS2UH","pid":12076,"level":20,"msg":"Processed: source/images/loading.gif","time":"2017-02-03T17:20:53.668Z","v":0}
{"name":"hexo","hostname":"DESKTOP-O6HS2UH","pid":12076,"level":20,"msg":"Processed: source/images/placeholder.gif","time":"2017-02-03T17:20:53.668Z","v":0}
{"name":"hexo","hostname":"DESKTOP-O6HS2UH","pid":12076,"level":20,"msg":"Processed: source/images/quote-l.svg","time":"2017-02-03T17:20:53.669Z","v":0}
{"name":"hexo","hostname":"DESKTOP-O6HS2UH","pid":12076,"level":20,"msg":"Processed: source/images/quote-r.svg","time":"2017-02-03T17:20:53.669Z","v":0}
{"name":"hexo","hostname":"DESKTOP-O6HS2UH","pid":12076,"level":20,"msg":"Processed: source/images/searchicon.png","time":"2017-02-03T17:20:53.669Z","v":0}
{"name":"hexo","hostname":"DESKTOP-O6HS2UH","pid":12076,"level":20,"msg":"Processed: layout/_layout.swig","time":"2017-02-03T17:20:53.825Z","v":0}
{"name":"hexo","hostname":"DESKTOP-O6HS2UH","pid":12076,"level":20,"msg":"Processed: layout/archive.swig","time":"2017-02-03T17:20:53.825Z","v":0}
{"name":"hexo","hostname":"DESKTOP-O6HS2UH","pid":12076,"level":20,"msg":"Processed: layout/category.swig","time":"2017-02-03T17:20:53.825Z","v":0}
{"name":"hexo","hostname":"DESKTOP-O6HS2UH","pid":12076,"level":20,"msg":"Processed: layout/index.swig","time":"2017-02-03T17:20:53.825Z","v":0}
{"name":"hexo","hostname":"DESKTOP-O6HS2UH","pid":12076,"level":20,"msg":"Processed: layout/page.swig","time":"2017-02-03T17:20:53.825Z","v":0}
{"name":"hexo","hostname":"DESKTOP-O6HS2UH","pid":12076,"level":20,"msg":"Processed: layout/post.swig","time":"2017-02-03T17:20:53.826Z","v":0}
{"name":"hexo","hostname":"DESKTOP-O6HS2UH","pid":12076,"level":20,"msg":"Processed: layout/schedule.swig","time":"2017-02-03T17:20:53.826Z","v":0}
{"name":"hexo","hostname":"DESKTOP-O6HS2UH","pid":12076,"level":20,"msg":"Processed: layout/tag.swig","time":"2017-02-03T17:20:53.826Z","v":0}
{"name":"hexo","hostname":"DESKTOP-O6HS2UH","pid":12076,"level":20,"msg":"Processed: languages/de.yml","time":"2017-02-03T17:20:53.832Z","v":0}
{"name":"hexo","hostname":"DESKTOP-O6HS2UH","pid":12076,"level":20,"msg":"Processed: languages/default.yml","time":"2017-02-03T17:20:53.832Z","v":0}
{"name":"hexo","hostname":"DESKTOP-O6HS2UH","pid":12076,"level":20,"msg":"Processed: languages/en.yml","time":"2017-02-03T17:20:53.834Z","v":0}
{"name":"hexo","hostname":"DESKTOP-O6HS2UH","pid":12076,"level":20,"msg":"Processed: languages/fr-FR.yml","time":"2017-02-03T17:20:53.834Z","v":0}
{"name":"hexo","hostname":"DESKTOP-O6HS2UH","pid":12076,"level":20,"msg":"Processed: languages/id.yml","time":"2017-02-03T17:20:53.834Z","v":0}
{"name":"hexo","hostname":"DESKTOP-O6HS2UH","pid":12076,"level":20,"msg":"Processed: languages/ko.yml","time":"2017-02-03T17:20:53.834Z","v":0}
{"name":"hexo","hostname":"DESKTOP-O6HS2UH","pid":12076,"level":20,"msg":"Processed: languages/ja.yml","time":"2017-02-03T17:20:53.834Z","v":0}
{"name":"hexo","hostname":"DESKTOP-O6HS2UH","pid":12076,"level":20,"msg":"Processed: languages/pt-BR.yml","time":"2017-02-03T17:20:53.834Z","v":0}
{"name":"hexo","hostname":"DESKTOP-O6HS2UH","pid":12076,"level":20,"msg":"Processed: languages/pt.yml","time":"2017-02-03T17:20:53.834Z","v":0}
{"name":"hexo","hostname":"DESKTOP-O6HS2UH","pid":12076,"level":20,"msg":"Processed: languages/ru.yml","time":"2017-02-03T17:20:53.834Z","v":0}
{"name":"hexo","hostname":"DESKTOP-O6HS2UH","pid":12076,"level":20,"msg":"Processed: languages/zh-hk.yml","time":"2017-02-03T17:20:53.834Z","v":0}
{"name":"hexo","hostname":"DESKTOP-O6HS2UH","pid":12076,"level":20,"msg":"Processed: languages/zh-Hans.yml","time":"2017-02-03T17:20:53.835Z","v":0}
{"name":"hexo","hostname":"DESKTOP-O6HS2UH","pid":12076,"level":20,"msg":"Processed: languages/zh-tw.yml","time":"2017-02-03T17:20:53.835Z","v":0}
{"name":"hexo","hostname":"DESKTOP-O6HS2UH","pid":12076,"level":20,"msg":"Processed: source/js/src/affix.js","time":"2017-02-03T17:20:53.852Z","v":0}
{"name":"hexo","hostname":"DESKTOP-O6HS2UH","pid":12076,"level":20,"msg":"Processed: source/js/src/algolia-search.js","time":"2017-02-03T17:20:53.853Z","v":0}
{"name":"hexo","hostname":"DESKTOP-O6HS2UH","pid":12076,"level":20,"msg":"Processed: source/js/src/bootstrap.js","time":"2017-02-03T17:20:53.853Z","v":0}
{"name":"hexo","hostname":"DESKTOP-O6HS2UH","pid":12076,"level":20,"msg":"Processed: source/js/src/hook-duoshuo.js","time":"2017-02-03T17:20:53.853Z","v":0}
{"name":"hexo","hostname":"DESKTOP-O6HS2UH","pid":12076,"level":20,"msg":"Processed: source/js/src/motion.js","time":"2017-02-03T17:20:53.853Z","v":0}
{"name":"hexo","hostname":"DESKTOP-O6HS2UH","pid":12076,"level":20,"msg":"Processed: source/js/src/post-details.js","time":"2017-02-03T17:20:53.853Z","v":0}
{"name":"hexo","hostname":"DESKTOP-O6HS2UH","pid":12076,"level":20,"msg":"Processed: source/js/src/scrollspy.js","time":"2017-02-03T17:20:53.853Z","v":0}
{"name":"hexo","hostname":"DESKTOP-O6HS2UH","pid":12076,"level":20,"msg":"Processed: source/js/src/utils.js","time":"2017-02-03T17:20:53.854Z","v":0}
{"name":"hexo","hostname":"DESKTOP-O6HS2UH","pid":12076,"level":20,"msg":"Processed: source/lib/algolia-instant-search/instantsearch.min.css","time":"2017-02-03T17:20:53.854Z","v":0}
{"name":"hexo","hostname":"DESKTOP-O6HS2UH","pid":12076,"level":20,"msg":"Processed: source/lib/canvas-nest/canvas-nest.min.js","time":"2017-02-03T17:20:53.856Z","v":0}
{"name":"hexo","hostname":"DESKTOP-O6HS2UH","pid":12076,"level":20,"msg":"Processed: source/lib/fastclick/LICENSE","time":"2017-02-03T17:20:53.857Z","v":0}
{"name":"hexo","hostname":"DESKTOP-O6HS2UH","pid":12076,"level":20,"msg":"Processed: source/lib/fastclick/README.md","time":"2017-02-03T17:20:53.858Z","v":0}
{"name":"hexo","hostname":"DESKTOP-O6HS2UH","pid":12076,"level":20,"msg":"Processed: source/lib/fastclick/bower.json","time":"2017-02-03T17:20:53.858Z","v":0}
{"name":"hexo","hostname":"DESKTOP-O6HS2UH","pid":12076,"level":20,"msg":"Processed: source/lib/font-awesome/HELP-US-OUT.txt","time":"2017-02-03T17:20:53.858Z","v":0}
{"name":"hexo","hostname":"DESKTOP-O6HS2UH","pid":12076,"level":20,"msg":"Processed: source/lib/font-awesome/bower.json","time":"2017-02-03T17:20:53.858Z","v":0}
{"name":"hexo","hostname":"DESKTOP-O6HS2UH","pid":12076,"level":20,"msg":"Processed: source/lib/jquery_lazyload/CONTRIBUTING.md","time":"2017-02-03T17:20:53.859Z","v":0}
{"name":"hexo","hostname":"DESKTOP-O6HS2UH","pid":12076,"level":20,"msg":"Processed: source/lib/jquery_lazyload/README.md","time":"2017-02-03T17:20:53.860Z","v":0}
{"name":"hexo","hostname":"DESKTOP-O6HS2UH","pid":12076,"level":20,"msg":"Processed: source/lib/jquery_lazyload/bower.json","time":"2017-02-03T17:20:53.860Z","v":0}
{"name":"hexo","hostname":"DESKTOP-O6HS2UH","pid":12076,"level":20,"msg":"Processed: source/lib/jquery_lazyload/jquery.lazyload.js","time":"2017-02-03T17:20:53.860Z","v":0}
{"name":"hexo","hostname":"DESKTOP-O6HS2UH","pid":12076,"level":20,"msg":"Processed: source/lib/jquery_lazyload/jquery.scrollstop.js","time":"2017-02-03T17:20:53.860Z","v":0}
{"name":"hexo","hostname":"DESKTOP-O6HS2UH","pid":12076,"level":20,"msg":"Processed: source/lib/velocity/bower.json","time":"2017-02-03T17:20:53.860Z","v":0}
{"name":"hexo","hostname":"DESKTOP-O6HS2UH","pid":12076,"level":20,"msg":"Processed: source/lib/velocity/velocity.min.js","time":"2017-02-03T17:20:53.860Z","v":0}
{"name":"hexo","hostname":"DESKTOP-O6HS2UH","pid":12076,"level":20,"msg":"Processed: source/lib/velocity/velocity.ui.js","time":"2017-02-03T17:20:53.860Z","v":0}
{"name":"hexo","hostname":"DESKTOP-O6HS2UH","pid":12076,"level":20,"msg":"Processed: source/lib/velocity/velocity.ui.min.js","time":"2017-02-03T17:20:53.861Z","v":0}
{"name":"hexo","hostname":"DESKTOP-O6HS2UH","pid":12076,"level":20,"msg":"Processed: layout/_custom/header.swig","time":"2017-02-03T17:20:53.913Z","v":0}
{"name":"hexo","hostname":"DESKTOP-O6HS2UH","pid":12076,"level":20,"msg":"Processed: layout/_macro/post-collapse.swig","time":"2017-02-03T17:20:53.913Z","v":0}
{"name":"hexo","hostname":"DESKTOP-O6HS2UH","pid":12076,"level":20,"msg":"Processed: layout/_custom/sidebar.swig","time":"2017-02-03T17:20:53.913Z","v":0}
{"name":"hexo","hostname":"DESKTOP-O6HS2UH","pid":12076,"level":20,"msg":"Processed: layout/_macro/reward.swig","time":"2017-02-03T17:20:53.913Z","v":0}
{"name":"hexo","hostname":"DESKTOP-O6HS2UH","pid":12076,"level":20,"msg":"Processed: layout/_macro/sidebar.swig","time":"2017-02-03T17:20:53.913Z","v":0}
{"name":"hexo","hostname":"DESKTOP-O6HS2UH","pid":12076,"level":20,"msg":"Processed: layout/_macro/post.swig","time":"2017-02-03T17:20:53.913Z","v":0}
{"name":"hexo","hostname":"DESKTOP-O6HS2UH","pid":12076,"level":20,"msg":"Processed: layout/_macro/wechat-subscriber.swig","time":"2017-02-03T17:20:53.913Z","v":0}
{"name":"hexo","hostname":"DESKTOP-O6HS2UH","pid":12076,"level":20,"msg":"Processed: layout/_partials/comments.swig","time":"2017-02-03T17:20:53.914Z","v":0}
{"name":"hexo","hostname":"DESKTOP-O6HS2UH","pid":12076,"level":20,"msg":"Processed: layout/_partials/duoshuo-hot-articles.swig","time":"2017-02-03T17:20:53.914Z","v":0}
{"name":"hexo","hostname":"DESKTOP-O6HS2UH","pid":12076,"level":20,"msg":"Processed: layout/_partials/footer.swig","time":"2017-02-03T17:20:53.914Z","v":0}
{"name":"hexo","hostname":"DESKTOP-O6HS2UH","pid":12076,"level":20,"msg":"Processed: layout/_partials/head.swig","time":"2017-02-03T17:20:53.914Z","v":0}
{"name":"hexo","hostname":"DESKTOP-O6HS2UH","pid":12076,"level":20,"msg":"Processed: layout/_partials/header.swig","time":"2017-02-03T17:20:53.914Z","v":0}
{"name":"hexo","hostname":"DESKTOP-O6HS2UH","pid":12076,"level":20,"msg":"Processed: layout/_partials/page-header.swig","time":"2017-02-03T17:20:53.914Z","v":0}
{"name":"hexo","hostname":"DESKTOP-O6HS2UH","pid":12076,"level":20,"msg":"Processed: layout/_partials/pagination.swig","time":"2017-02-03T17:20:53.914Z","v":0}
{"name":"hexo","hostname":"DESKTOP-O6HS2UH","pid":12076,"level":20,"msg":"Processed: layout/_partials/search.swig","time":"2017-02-03T17:20:53.914Z","v":0}
{"name":"hexo","hostname":"DESKTOP-O6HS2UH","pid":12076,"level":20,"msg":"Processed: layout/_scripts/baidu-push.swig","time":"2017-02-03T17:20:53.914Z","v":0}
{"name":"hexo","hostname":"DESKTOP-O6HS2UH","pid":12076,"level":20,"msg":"Processed: layout/_scripts/boostrap.swig","time":"2017-02-03T17:20:53.914Z","v":0}
{"name":"hexo","hostname":"DESKTOP-O6HS2UH","pid":12076,"level":20,"msg":"Processed: layout/_scripts/commons.swig","time":"2017-02-03T17:20:53.914Z","v":0}
{"name":"hexo","hostname":"DESKTOP-O6HS2UH","pid":12076,"level":20,"msg":"Processed: layout/_scripts/vendors.swig","time":"2017-02-03T17:20:53.914Z","v":0}
{"name":"hexo","hostname":"DESKTOP-O6HS2UH","pid":12076,"level":20,"msg":"Processed: source/lib/jquery/index.js","time":"2017-02-03T17:20:53.916Z","v":0}
{"name":"hexo","hostname":"DESKTOP-O6HS2UH","pid":12076,"level":20,"msg":"Processed: layout/_scripts/schemes/muse.swig","time":"2017-02-03T17:20:53.921Z","v":0}
{"name":"hexo","hostname":"DESKTOP-O6HS2UH","pid":12076,"level":20,"msg":"Processed: layout/_scripts/schemes/mist.swig","time":"2017-02-03T17:20:53.921Z","v":0}
{"name":"hexo","hostname":"DESKTOP-O6HS2UH","pid":12076,"level":20,"msg":"Processed: source/js/src/schemes/pisces.js","time":"2017-02-03T17:20:53.924Z","v":0}
{"name":"hexo","hostname":"DESKTOP-O6HS2UH","pid":12076,"level":20,"msg":"Processed: source/lib/fancybox/source/blank.gif","time":"2017-02-03T17:20:53.924Z","v":0}
{"name":"hexo","hostname":"DESKTOP-O6HS2UH","pid":12076,"level":20,"msg":"Processed: source/lib/fancybox/source/fancybox_loading@2x.gif","time":"2017-02-03T17:20:53.925Z","v":0}
{"name":"hexo","hostname":"DESKTOP-O6HS2UH","pid":12076,"level":20,"msg":"Processed: source/lib/fancybox/source/fancybox_loading.gif","time":"2017-02-03T17:20:53.925Z","v":0}
{"name":"hexo","hostname":"DESKTOP-O6HS2UH","pid":12076,"level":20,"msg":"Processed: source/lib/fancybox/source/fancybox_overlay.png","time":"2017-02-03T17:20:53.925Z","v":0}
{"name":"hexo","hostname":"DESKTOP-O6HS2UH","pid":12076,"level":20,"msg":"Processed: source/lib/fancybox/source/fancybox_sprite.png","time":"2017-02-03T17:20:53.925Z","v":0}
{"name":"hexo","hostname":"DESKTOP-O6HS2UH","pid":12076,"level":20,"msg":"Processed: source/lib/fancybox/source/fancybox_sprite@2x.png","time":"2017-02-03T17:20:53.925Z","v":0}
{"name":"hexo","hostname":"DESKTOP-O6HS2UH","pid":12076,"level":20,"msg":"Processed: source/lib/fancybox/source/jquery.fancybox.css","time":"2017-02-03T17:20:53.926Z","v":0}
{"name":"hexo","hostname":"DESKTOP-O6HS2UH","pid":12076,"level":20,"msg":"Processed: source/lib/fancybox/source/jquery.fancybox.js","time":"2017-02-03T17:20:53.926Z","v":0}
{"name":"hexo","hostname":"DESKTOP-O6HS2UH","pid":12076,"level":20,"msg":"Processed: source/lib/fancybox/source/jquery.fancybox.pack.js","time":"2017-02-03T17:20:53.926Z","v":0}
{"name":"hexo","hostname":"DESKTOP-O6HS2UH","pid":12076,"level":20,"msg":"Processed: source/lib/fastclick/lib/fastclick.js","time":"2017-02-03T17:20:53.926Z","v":0}
{"name":"hexo","hostname":"DESKTOP-O6HS2UH","pid":12076,"level":20,"msg":"Processed: source/lib/fastclick/lib/fastclick.min.js","time":"2017-02-03T17:20:53.926Z","v":0}
{"name":"hexo","hostname":"DESKTOP-O6HS2UH","pid":12076,"level":20,"msg":"Processed: source/lib/font-awesome/css/font-awesome.css","time":"2017-02-03T17:20:53.927Z","v":0}
{"name":"hexo","hostname":"DESKTOP-O6HS2UH","pid":12076,"level":20,"msg":"Processed: source/lib/font-awesome/css/font-awesome.css.map","time":"2017-02-03T17:20:53.927Z","v":0}
{"name":"hexo","hostname":"DESKTOP-O6HS2UH","pid":12076,"level":20,"msg":"Processed: source/lib/font-awesome/css/font-awesome.min.css","time":"2017-02-03T17:20:53.927Z","v":0}
{"name":"hexo","hostname":"DESKTOP-O6HS2UH","pid":12076,"level":20,"msg":"Processed: source/lib/ua-parser-js/dist/ua-parser.min.js","time":"2017-02-03T17:20:53.928Z","v":0}
{"name":"hexo","hostname":"DESKTOP-O6HS2UH","pid":12076,"level":20,"msg":"Processed: source/lib/ua-parser-js/dist/ua-parser.pack.js","time":"2017-02-03T17:20:53.928Z","v":0}
{"name":"hexo","hostname":"DESKTOP-O6HS2UH","pid":12076,"level":20,"msg":"Processed: layout/_partials/head/external-fonts.swig","time":"2017-02-03T17:20:53.942Z","v":0}
{"name":"hexo","hostname":"DESKTOP-O6HS2UH","pid":12076,"level":20,"msg":"Processed: layout/_components/algolia-search/assets.swig","time":"2017-02-03T17:20:53.942Z","v":0}
{"name":"hexo","hostname":"DESKTOP-O6HS2UH","pid":12076,"level":20,"msg":"Processed: layout/_components/algolia-search/dom.swig","time":"2017-02-03T17:20:53.942Z","v":0}
{"name":"hexo","hostname":"DESKTOP-O6HS2UH","pid":12076,"level":20,"msg":"Processed: layout/_partials/head/custom-head.swig","time":"2017-02-03T17:20:53.942Z","v":0}
{"name":"hexo","hostname":"DESKTOP-O6HS2UH","pid":12076,"level":20,"msg":"Processed: layout/_partials/search/localsearch.swig","time":"2017-02-03T17:20:53.943Z","v":0}
{"name":"hexo","hostname":"DESKTOP-O6HS2UH","pid":12076,"level":20,"msg":"Processed: layout/_partials/search/tinysou.swig","time":"2017-02-03T17:20:53.943Z","v":0}
{"name":"hexo","hostname":"DESKTOP-O6HS2UH","pid":12076,"level":20,"msg":"Processed: layout/_partials/search/swiftype.swig","time":"2017-02-03T17:20:53.943Z","v":0}
{"name":"hexo","hostname":"DESKTOP-O6HS2UH","pid":12076,"level":20,"msg":"Processed: layout/_partials/share/add-this.swig","time":"2017-02-03T17:20:53.943Z","v":0}
{"name":"hexo","hostname":"DESKTOP-O6HS2UH","pid":12076,"level":20,"msg":"Processed: layout/_partials/share/duoshuo_share.swig","time":"2017-02-03T17:20:53.943Z","v":0}
{"name":"hexo","hostname":"DESKTOP-O6HS2UH","pid":12076,"level":20,"msg":"Processed: layout/_partials/share/baidushare.swig","time":"2017-02-03T17:20:53.943Z","v":0}
{"name":"hexo","hostname":"DESKTOP-O6HS2UH","pid":12076,"level":20,"msg":"Processed: layout/_partials/share/jiathis.swig","time":"2017-02-03T17:20:53.943Z","v":0}
{"name":"hexo","hostname":"DESKTOP-O6HS2UH","pid":12076,"level":20,"msg":"Processed: layout/_scripts/pages/post-details.swig","time":"2017-02-03T17:20:53.943Z","v":0}
{"name":"hexo","hostname":"DESKTOP-O6HS2UH","pid":12076,"level":20,"msg":"Processed: layout/_scripts/third-party/analytics.swig","time":"2017-02-03T17:20:53.943Z","v":0}
{"name":"hexo","hostname":"DESKTOP-O6HS2UH","pid":12076,"level":20,"msg":"Processed: layout/_scripts/schemes/pisces.swig","time":"2017-02-03T17:20:53.943Z","v":0}
{"name":"hexo","hostname":"DESKTOP-O6HS2UH","pid":12076,"level":20,"msg":"Processed: layout/_scripts/third-party/comments.swig","time":"2017-02-03T17:20:53.943Z","v":0}
{"name":"hexo","hostname":"DESKTOP-O6HS2UH","pid":12076,"level":20,"msg":"Processed: layout/_scripts/third-party/lean-analytics.swig","time":"2017-02-03T17:20:53.943Z","v":0}
{"name":"hexo","hostname":"DESKTOP-O6HS2UH","pid":12076,"level":20,"msg":"Processed: layout/_scripts/third-party/localsearch.swig","time":"2017-02-03T17:20:53.943Z","v":0}
{"name":"hexo","hostname":"DESKTOP-O6HS2UH","pid":12076,"level":20,"msg":"Processed: layout/_scripts/third-party/mathjax.swig","time":"2017-02-03T17:20:53.943Z","v":0}
{"name":"hexo","hostname":"DESKTOP-O6HS2UH","pid":12076,"level":20,"msg":"Processed: layout/_scripts/third-party/schedule.swig","time":"2017-02-03T17:20:53.944Z","v":0}
{"name":"hexo","hostname":"DESKTOP-O6HS2UH","pid":12076,"level":20,"msg":"Processed: layout/_scripts/third-party/tinysou.swig","time":"2017-02-03T17:20:53.944Z","v":0}
{"name":"hexo","hostname":"DESKTOP-O6HS2UH","pid":12076,"level":20,"msg":"Processed: source/lib/font-awesome/fonts/FontAwesome.otf","time":"2017-02-03T17:20:53.944Z","v":0}
{"name":"hexo","hostname":"DESKTOP-O6HS2UH","pid":12076,"level":20,"msg":"Processed: source/lib/font-awesome/fonts/fontawesome-webfont.eot","time":"2017-02-03T17:20:53.945Z","v":0}
{"name":"hexo","hostname":"DESKTOP-O6HS2UH","pid":12076,"level":20,"msg":"Processed: source/lib/font-awesome/fonts/fontawesome-webfont.woff","time":"2017-02-03T17:20:53.945Z","v":0}
{"name":"hexo","hostname":"DESKTOP-O6HS2UH","pid":12076,"level":20,"msg":"Processed: source/lib/font-awesome/fonts/fontawesome-webfont.woff2","time":"2017-02-03T17:20:53.945Z","v":0}
{"name":"hexo","hostname":"DESKTOP-O6HS2UH","pid":12076,"level":20,"msg":"Processed: source/lib/velocity/velocity.js","time":"2017-02-03T17:20:53.945Z","v":0}
{"name":"hexo","hostname":"DESKTOP-O6HS2UH","pid":12076,"level":20,"msg":"Processed: source/lib/fancybox/source/helpers/fancybox_buttons.png","time":"2017-02-03T17:20:53.949Z","v":0}
{"name":"hexo","hostname":"DESKTOP-O6HS2UH","pid":12076,"level":20,"msg":"Processed: source/lib/fancybox/source/helpers/jquery.fancybox-buttons.css","time":"2017-02-03T17:20:53.950Z","v":0}
{"name":"hexo","hostname":"DESKTOP-O6HS2UH","pid":12076,"level":20,"msg":"Processed: source/lib/fancybox/source/helpers/jquery.fancybox-buttons.js","time":"2017-02-03T17:20:53.951Z","v":0}
{"name":"hexo","hostname":"DESKTOP-O6HS2UH","pid":12076,"level":20,"msg":"Processed: source/lib/fancybox/source/helpers/jquery.fancybox-media.js","time":"2017-02-03T17:20:53.952Z","v":0}
{"name":"hexo","hostname":"DESKTOP-O6HS2UH","pid":12076,"level":20,"msg":"Processed: source/lib/fancybox/source/helpers/jquery.fancybox-thumbs.css","time":"2017-02-03T17:20:53.952Z","v":0}
{"name":"hexo","hostname":"DESKTOP-O6HS2UH","pid":12076,"level":20,"msg":"Processed: source/lib/fancybox/source/helpers/jquery.fancybox-thumbs.js","time":"2017-02-03T17:20:53.952Z","v":0}
{"name":"hexo","hostname":"DESKTOP-O6HS2UH","pid":12076,"level":20,"msg":"Processed: source/lib/font-awesome/fonts/fontawesome-webfont.ttf","time":"2017-02-03T17:20:53.952Z","v":0}
{"name":"hexo","hostname":"DESKTOP-O6HS2UH","pid":12076,"level":20,"msg":"Processed: layout/_scripts/third-party/analytics/busuanzi-counter.swig","time":"2017-02-03T17:20:53.965Z","v":0}
{"name":"hexo","hostname":"DESKTOP-O6HS2UH","pid":12076,"level":20,"msg":"Processed: layout/_scripts/third-party/analytics/application-insights.swig","time":"2017-02-03T17:20:53.965Z","v":0}
{"name":"hexo","hostname":"DESKTOP-O6HS2UH","pid":12076,"level":20,"msg":"Processed: layout/_scripts/third-party/analytics/baidu-analytics.swig","time":"2017-02-03T17:20:53.965Z","v":0}
{"name":"hexo","hostname":"DESKTOP-O6HS2UH","pid":12076,"level":20,"msg":"Processed: layout/_scripts/third-party/analytics/cnzz-analytics.swig","time":"2017-02-03T17:20:53.965Z","v":0}
{"name":"hexo","hostname":"DESKTOP-O6HS2UH","pid":12076,"level":20,"msg":"Processed: layout/_scripts/third-party/analytics/facebook-sdk.swig","time":"2017-02-03T17:20:53.965Z","v":0}
{"name":"hexo","hostname":"DESKTOP-O6HS2UH","pid":12076,"level":20,"msg":"Processed: layout/_scripts/third-party/analytics/google-analytics.swig","time":"2017-02-03T17:20:53.965Z","v":0}
{"name":"hexo","hostname":"DESKTOP-O6HS2UH","pid":12076,"level":20,"msg":"Processed: layout/_scripts/third-party/analytics/tencent-analytics.swig","time":"2017-02-03T17:20:53.966Z","v":0}
{"name":"hexo","hostname":"DESKTOP-O6HS2UH","pid":12076,"level":20,"msg":"Processed: layout/_scripts/third-party/comments/disqus.swig","time":"2017-02-03T17:20:53.966Z","v":0}
{"name":"hexo","hostname":"DESKTOP-O6HS2UH","pid":12076,"level":20,"msg":"Processed: layout/_scripts/third-party/comments/duoshuo.swig","time":"2017-02-03T17:20:53.966Z","v":0}
{"name":"hexo","hostname":"DESKTOP-O6HS2UH","pid":12076,"level":20,"msg":"Processed: layout/_scripts/third-party/comments/gentie.swig","time":"2017-02-03T17:20:53.966Z","v":0}
{"name":"hexo","hostname":"DESKTOP-O6HS2UH","pid":12076,"level":20,"msg":"Processed: layout/_scripts/third-party/comments/hypercomments.swig","time":"2017-02-03T17:20:53.966Z","v":0}
{"name":"hexo","hostname":"DESKTOP-O6HS2UH","pid":12076,"level":20,"msg":"Processed: layout/_scripts/third-party/comments/youyan.swig","time":"2017-02-03T17:20:53.966Z","v":0}
{"name":"hexo","hostname":"DESKTOP-O6HS2UH","pid":12076,"level":20,"msg":"Processed: source/lib/algolia-instant-search/instantsearch.min.js","time":"2017-02-03T17:20:53.967Z","v":0}
{"name":"hexo","hostname":"DESKTOP-O6HS2UH","pid":12076,"level":20,"msg":"Processed: source/lib/font-awesome/fonts/fontawesome-webfont.svg","time":"2017-02-03T17:20:53.968Z","v":0}
{"name":"hexo","hostname":"DESKTOP-O6HS2UH","pid":12076,"level":20,"msg":"Generator: page","time":"2017-02-03T17:20:54.184Z","v":0}
{"name":"hexo","hostname":"DESKTOP-O6HS2UH","pid":12076,"level":20,"msg":"Generator: post","time":"2017-02-03T17:20:54.185Z","v":0}
{"name":"hexo","hostname":"DESKTOP-O6HS2UH","pid":12076,"level":20,"msg":"Generator: archive","time":"2017-02-03T17:20:54.185Z","v":0}
{"name":"hexo","hostname":"DESKTOP-O6HS2UH","pid":12076,"level":20,"msg":"Generator: index","time":"2017-02-03T17:20:54.185Z","v":0}
{"name":"hexo","hostname":"DESKTOP-O6HS2UH","pid":12076,"level":20,"msg":"Generator: category","time":"2017-02-03T17:20:54.185Z","v":0}
{"name":"hexo","hostname":"DESKTOP-O6HS2UH","pid":12076,"level":20,"msg":"Generator: tag","time":"2017-02-03T17:20:54.185Z","v":0}
{"name":"hexo","hostname":"DESKTOP-O6HS2UH","pid":12076,"level":20,"msg":"Generator: asset","time":"2017-02-03T17:20:54.186Z","v":0}
{"name":"hexo","hostname":"DESKTOP-O6HS2UH","pid":12076,"level":30,"msg":"Hexo is running at http://localhost:4000/. Press Ctrl+C to stop.","time":"2017-02-03T17:20:54.192Z","v":0}
{"name":"hexo","hostname":"DESKTOP-O6HS2UH","pid":12076,"level":20,"msg":"Database saved","time":"2017-02-03T17:20:54.203Z","v":0}
{"name":"hexo","hostname":"DESKTOP-O6HS2UH","pid":12076,"level":20,"msg":"Rendering index: index.html","time":"2017-02-03T17:21:00.680Z","v":0}
{"name":"hexo","hostname":"DESKTOP-O6HS2UH","pid":12076,"level":20,"msg":"Rendering index: index.html","time":"2017-02-03T17:21:16.512Z","v":0}
{"name":"hexo","hostname":"DESKTOP-O6HS2UH","pid":12076,"level":20,"msg":"Rendering archive: archives/index.html","time":"2017-02-03T17:21:38.734Z","v":0}
{"name":"hexo","hostname":"DESKTOP-O6HS2UH","pid":12076,"level":20,"msg":"Rendering post: 2017/02/03/生活/index.html","time":"2017-02-03T17:21:43.440Z","v":0}
